{"uuid":"85f77d31-0a6e-46e1-955e-eea1fdc39049","historyId":"73bddb235f5ef9b9bd2f50f39bc4be1c","fullName":"As a user, I want to look for home page: verify search results for product","labels":[{"name":"host","value":"DESKTOP-GIUSK42"},{"name":"thread","value":"123284@DESKTOP-GIUSK42.main(1)"},{"name":"feature","value":"As a user, I want to look for home page"},{"name":"story","value":"verify search results for product"},{"name":"suite","value":"As a user, I want to look for home page"},{"name":"testClass","value":"verify search results for product"},{"name":"framework","value":"cucumber4jvm"},{"name":"language","value":"java"},{"name":"gherkin_uri","value":"file:///E:/Workspace/SBAFramework/src/test/resources/features/home.feature"},{"name":"package","value":"src.test.resources.features.home_feature.As a user, I want to look for home page"}],"links":[],"name":"verify search results for product","status":"broken","statusDetails":{"known":false,"muted":false,"flaky":false,"message":"class jdk.proxy2.$Proxy50 cannot be cast to class org.openqa.selenium.TakesScreenshot (jdk.proxy2.$Proxy50 is in module jdk.proxy2 of loader 'app'; org.openqa.selenium.TakesScreenshot is in unnamed module of loader 'app')","trace":"com.company.automation.exceptions.ActionFailedException: class jdk.proxy2.$Proxy50 cannot be cast to class org.openqa.selenium.TakesScreenshot (jdk.proxy2.$Proxy50 is in module jdk.proxy2 of loader 'app'; org.openqa.selenium.TakesScreenshot is in unnamed module of loader 'app')\r\n\tat com.company.automation.selenium.SeleniumActions.clickElement(SeleniumActions.java:72)\r\n\tat com.company.automation.pages.HomePage.searchProduct(HomePage.java:37)\r\n\tat com.company.automation.steps.HomePageSteps.iSearchProduct(HomePageSteps.java:29)\r\n\tat âœ½.I search product(file:///E:/Workspace/SBAFramework/src/test/resources/features/home.feature:9)\r\n"},"stage":"finished","steps":[{"name":"Given  I open home page","status":"passed","statusDetails":{"known":false,"muted":false,"flaky":false},"stage":"finished","steps":[{"name":"Application https://www.amazon.in/ opened successfully","status":"passed","stage":"finished","steps":[],"attachments":[],"parameters":[],"start":1672294234179,"stop":1672294234179}],"attachments":[],"parameters":[],"start":1672294222530,"stop":1672294234415},{"name":"When  I search product","status":"broken","statusDetails":{"known":false,"muted":false,"flaky":false,"message":"class jdk.proxy2.$Proxy50 cannot be cast to class org.openqa.selenium.TakesScreenshot (jdk.proxy2.$Proxy50 is in module jdk.proxy2 of loader 'app'; org.openqa.selenium.TakesScreenshot is in unnamed module of loader 'app')","trace":"com.company.automation.exceptions.ActionFailedException: class jdk.proxy2.$Proxy50 cannot be cast to class org.openqa.selenium.TakesScreenshot (jdk.proxy2.$Proxy50 is in module jdk.proxy2 of loader 'app'; org.openqa.selenium.TakesScreenshot is in unnamed module of loader 'app')\r\n\tat com.company.automation.selenium.SeleniumActions.clickElement(SeleniumActions.java:72)\r\n\tat com.company.automation.pages.HomePage.searchProduct(HomePage.java:37)\r\n\tat com.company.automation.steps.HomePageSteps.iSearchProduct(HomePageSteps.java:29)\r\n\tat âœ½.I search product(file:///E:/Workspace/SBAFramework/src/test/resources/features/home.feature:9)\r\n"},"stage":"finished","steps":[{"name":"Element [[ChromeDriver: chrome on WINDOWS (84ba33cf8887611f683e5713d892caef)] -> id: twotabsearchtextbox] found successfully","status":"passed","stage":"finished","steps":[],"attachments":[],"parameters":[],"start":1672294234851,"stop":1672294234852},{"name":"Text Sleek Wool Wallet entered into text box [[ChromeDriver: chrome on WINDOWS (84ba33cf8887611f683e5713d892caef)] -> id: twotabsearchtextbox] successfully","status":"passed","stage":"finished","steps":[],"attachments":[],"parameters":[],"start":1672294235108,"stop":1672294235108},{"name":"Element [[ChromeDriver: chrome on WINDOWS (84ba33cf8887611f683e5713d892caef)] -> id: nav-search-submit-button] found successfully","status":"passed","stage":"finished","steps":[],"attachments":[],"parameters":[],"start":1672294235204,"stop":1672294235204},{"name":"Clicked on element [[ChromeDriver: chrome on WINDOWS (84ba33cf8887611f683e5713d892caef)] -> id: nav-search-submit-button] successfully","status":"passed","stage":"finished","steps":[],"attachments":[],"parameters":[],"start":1672294240467,"stop":1672294240467}],"attachments":[],"parameters":[],"start":1672294234416,"stop":1672294240472}],"attachments":[],"parameters":[],"start":1672294222529,"stop":1672294240473}