{"uuid":"de4329cc-af20-41a5-8300-6ab684b24485","historyId":"73bddb235f5ef9b9bd2f50f39bc4be1c","fullName":"As a user, I want to look for home page: verify search results for product","labels":[{"name":"host","value":"DESKTOP-GIUSK42"},{"name":"thread","value":"725860@DESKTOP-GIUSK42.main(1)"},{"name":"feature","value":"As a user, I want to look for home page"},{"name":"story","value":"verify search results for product"},{"name":"suite","value":"As a user, I want to look for home page"},{"name":"testClass","value":"verify search results for product"},{"name":"framework","value":"cucumber4jvm"},{"name":"language","value":"java"},{"name":"gherkin_uri","value":"file:///E:/Workspace/SBAFramework/src/test/resources/features/home.feature"},{"name":"package","value":"src.test.resources.features.home_feature.As a user, I want to look for home page"}],"links":[],"name":"verify search results for product","status":"broken","statusDetails":{"known":false,"muted":false,"flaky":false,"message":"no such element: Unable to locate element: {\"method\":\"css selector\",\"selector\":\"#twotabsearchtextbox\"}\n  (Session info: chrome=108.0.5359.125)\nFor documentation on this error, please visit: https://selenium.dev/exceptions/#no_such_element\nBuild info: version: '4.7.2', revision: '4d4020c3b7'\nSystem info: os.name: 'Windows 10', os.arch: 'amd64', os.version: '10.0', java.version: '17.0.4'\nDriver info: org.openqa.selenium.chrome.ChromeDriver\nCommand: [2da709c4b834be725a9ac3ddae0bb79b, findElement {using=id, value=twotabsearchtextbox}]\nCapabilities {acceptInsecureCerts: false, browserName: chrome, browserVersion: 108.0.5359.125, chrome: {chromedriverVersion: 108.0.5359.71 (1e0e3868ee06..., userDataDir: C:\\Users\\Sai\\AppData\\Local\\...}, goog:chromeOptions: {debuggerAddress: localhost:55681}, networkConnectionEnabled: false, pageLoadStrategy: normal, platformName: WINDOWS, proxy: Proxy(), se:cdp: ws://localhost:55681/devtoo..., se:cdpVersion: 108.0.5359.125, setWindowRect: true, strictFileInteractability: false, timeouts: {implicit: 0, pageLoad: 300000, script: 30000}, unhandledPromptBehavior: dismiss and notify, webauthn:extension:credBlob: true, webauthn:extension:largeBlob: true, webauthn:virtualAuthenticators: true}\nSession ID: 2da709c4b834be725a9ac3ddae0bb79b","trace":"com.company.automation.exceptions.ActionFailedException: no such element: Unable to locate element: {\"method\":\"css selector\",\"selector\":\"#twotabsearchtextbox\"}\n  (Session info: chrome=108.0.5359.125)\nFor documentation on this error, please visit: https://selenium.dev/exceptions/#no_such_element\nBuild info: version: '4.7.2', revision: '4d4020c3b7'\nSystem info: os.name: 'Windows 10', os.arch: 'amd64', os.version: '10.0', java.version: '17.0.4'\nDriver info: org.openqa.selenium.chrome.ChromeDriver\nCommand: [2da709c4b834be725a9ac3ddae0bb79b, findElement {using=id, value=twotabsearchtextbox}]\nCapabilities {acceptInsecureCerts: false, browserName: chrome, browserVersion: 108.0.5359.125, chrome: {chromedriverVersion: 108.0.5359.71 (1e0e3868ee06..., userDataDir: C:\\Users\\Sai\\AppData\\Local\\...}, goog:chromeOptions: {debuggerAddress: localhost:55681}, networkConnectionEnabled: false, pageLoadStrategy: normal, platformName: WINDOWS, proxy: Proxy(), se:cdp: ws://localhost:55681/devtoo..., se:cdpVersion: 108.0.5359.125, setWindowRect: true, strictFileInteractability: false, timeouts: {implicit: 0, pageLoad: 300000, script: 30000}, unhandledPromptBehavior: dismiss and notify, webauthn:extension:credBlob: true, webauthn:extension:largeBlob: true, webauthn:virtualAuthenticators: true}\nSession ID: 2da709c4b834be725a9ac3ddae0bb79b\r\n\tat com.company.automation.selenium.SeleniumActions.enterText(SeleniumActions.java:55)\r\n\tat com.company.automation.pages.HomePage.searchProduct(HomePage.java:36)\r\n\tat com.company.automation.steps.HomePageSteps.iSearchProduct(HomePageSteps.java:29)\r\n\tat ✽.I search product(file:///E:/Workspace/SBAFramework/src/test/resources/features/home.feature:9)\r\n"},"stage":"finished","steps":[{"name":"Given  I open home page","status":"passed","statusDetails":{"known":false,"muted":false,"flaky":false},"stage":"finished","steps":[{"name":"Application https://www.amazon.in/ opened successfully","status":"passed","stage":"finished","steps":[],"attachments":[],"parameters":[],"start":1672286742973,"stop":1672286742973}],"attachments":[],"parameters":[],"start":1672286734535,"stop":1672286743208},{"name":"When  I search product","status":"broken","statusDetails":{"known":false,"muted":false,"flaky":false,"message":"no such element: Unable to locate element: {\"method\":\"css selector\",\"selector\":\"#twotabsearchtextbox\"}\n  (Session info: chrome=108.0.5359.125)\nFor documentation on this error, please visit: https://selenium.dev/exceptions/#no_such_element\nBuild info: version: '4.7.2', revision: '4d4020c3b7'\nSystem info: os.name: 'Windows 10', os.arch: 'amd64', os.version: '10.0', java.version: '17.0.4'\nDriver info: org.openqa.selenium.chrome.ChromeDriver\nCommand: [2da709c4b834be725a9ac3ddae0bb79b, findElement {using=id, value=twotabsearchtextbox}]\nCapabilities {acceptInsecureCerts: false, browserName: chrome, browserVersion: 108.0.5359.125, chrome: {chromedriverVersion: 108.0.5359.71 (1e0e3868ee06..., userDataDir: C:\\Users\\Sai\\AppData\\Local\\...}, goog:chromeOptions: {debuggerAddress: localhost:55681}, networkConnectionEnabled: false, pageLoadStrategy: normal, platformName: WINDOWS, proxy: Proxy(), se:cdp: ws://localhost:55681/devtoo..., se:cdpVersion: 108.0.5359.125, setWindowRect: true, strictFileInteractability: false, timeouts: {implicit: 0, pageLoad: 300000, script: 30000}, unhandledPromptBehavior: dismiss and notify, webauthn:extension:credBlob: true, webauthn:extension:largeBlob: true, webauthn:virtualAuthenticators: true}\nSession ID: 2da709c4b834be725a9ac3ddae0bb79b","trace":"com.company.automation.exceptions.ActionFailedException: no such element: Unable to locate element: {\"method\":\"css selector\",\"selector\":\"#twotabsearchtextbox\"}\n  (Session info: chrome=108.0.5359.125)\nFor documentation on this error, please visit: https://selenium.dev/exceptions/#no_such_element\nBuild info: version: '4.7.2', revision: '4d4020c3b7'\nSystem info: os.name: 'Windows 10', os.arch: 'amd64', os.version: '10.0', java.version: '17.0.4'\nDriver info: org.openqa.selenium.chrome.ChromeDriver\nCommand: [2da709c4b834be725a9ac3ddae0bb79b, findElement {using=id, value=twotabsearchtextbox}]\nCapabilities {acceptInsecureCerts: false, browserName: chrome, browserVersion: 108.0.5359.125, chrome: {chromedriverVersion: 108.0.5359.71 (1e0e3868ee06..., userDataDir: C:\\Users\\Sai\\AppData\\Local\\...}, goog:chromeOptions: {debuggerAddress: localhost:55681}, networkConnectionEnabled: false, pageLoadStrategy: normal, platformName: WINDOWS, proxy: Proxy(), se:cdp: ws://localhost:55681/devtoo..., se:cdpVersion: 108.0.5359.125, setWindowRect: true, strictFileInteractability: false, timeouts: {implicit: 0, pageLoad: 300000, script: 30000}, unhandledPromptBehavior: dismiss and notify, webauthn:extension:credBlob: true, webauthn:extension:largeBlob: true, webauthn:virtualAuthenticators: true}\nSession ID: 2da709c4b834be725a9ac3ddae0bb79b\r\n\tat com.company.automation.selenium.SeleniumActions.enterText(SeleniumActions.java:55)\r\n\tat com.company.automation.pages.HomePage.searchProduct(HomePage.java:36)\r\n\tat com.company.automation.steps.HomePageSteps.iSearchProduct(HomePageSteps.java:29)\r\n\tat ✽.I search product(file:///E:/Workspace/SBAFramework/src/test/resources/features/home.feature:9)\r\n"},"stage":"finished","steps":[{"name":"Failed to enter text Enormous Copper Clock into text box Proxy element for: DefaultElementLocator 'By.id: twotabsearchtextbox' ","status":"failed","stage":"finished","steps":[],"attachments":[],"parameters":[],"start":1672286743417,"stop":1672286743417}],"attachments":[],"parameters":[],"start":1672286743208,"stop":1672286743420}],"attachments":[],"parameters":[],"start":1672286734533,"stop":1672286743422}